<?xml version="1.0" encoding="utf-8"?><testsuites name="pytest tests"><testsuite name="pytest" errors="0" failures="0" skipped="0" tests="16" time="40.966" timestamp="2026-04-29T18:26:38.444237+00:00" hostname="agent-env-b4ffc358-656b-4ad3-8ae2-1e9801fc8dea"><testcase classname="backend.tests.test_remeslnik.TestAuth" name="test_login_admin_success" time="2.363" /><testcase classname="backend.tests.test_remeslnik.TestAuth" name="test_login_bad_password" time="0.425" /><testcase classname="backend.tests.test_remeslnik.TestAuth" name="test_register_and_me" time="1.176" /><testcase classname="backend.tests.test_remeslnik.TestAuth" name="test_register_duplicate" time="0.684" /><testcase classname="backend.tests.test_remeslnik.TestJobs" name="test_create_job_with_lines" time="0.624" /><testcase classname="backend.tests.test_remeslnik.TestJobs" name="test_get_job" time="0.189" /><testcase classname="backend.tests.test_remeslnik.TestJobs" name="test_list_jobs_filter" time="0.361" /><testcase classname="backend.tests.test_remeslnik.TestJobs" name="test_update_job_recompute_and_status" time="0.152" /><testcase classname="backend.tests.test_remeslnik.TestJobs" name="test_odlozeno_and_renew" time="0.286" /><testcase classname="backend.tests.test_remeslnik.TestJobs" name="test_diary_and_extras_and_finalize" time="0.624" /><testcase classname="backend.tests.test_remeslnik.TestPDFs" name="test_quote_pdf" time="0.556" /><testcase classname="backend.tests.test_remeslnik.TestPDFs" name="test_billing_pdf_with_query_token" time="0.409" /><testcase classname="backend.tests.test_remeslnik.TestAI" name="test_material_price" time="2.043" /><testcase classname="backend.tests.test_remeslnik.TestAI" name="test_enhance_description" time="9.234" /><testcase classname="backend.tests.test_remeslnik.TestAI" name="test_generate_variants_and_pdf" time="21.470" /><testcase classname="backend.tests.test_remeslnik.TestImport" name="test_remeslnik_ai_import" time="0.132" /></testsuite></testsuites>